{"C:\\Users\\avins\\Documents\\Programming\\School\\Software Testing\\Assignment 4 - Automated testing - Unit testing\\dog-starter-template\\server\\controllers\\dogController.ts": {"path":"C:\\Users\\avins\\Documents\\Programming\\School\\Software Testing\\Assignment 4 - Automated testing - Unit testing\\dog-starter-template\\server\\controllers\\dogController.ts","statementMap":{"0":{"start":{"line":10,"column":2},"end":{"line":24,"column":null}},"1":{"start":{"line":11,"column":20},"end":{"line":11,"column":null}},"2":{"start":{"line":13,"column":4},"end":{"line":16,"column":null}},"3":{"start":{"line":18,"column":20},"end":{"line":18,"column":null}},"4":{"start":{"line":20,"column":4},"end":{"line":23,"column":null}}},"fnMap":{"0":{"name":"getDogImage","decl":{"start":{"line":9,"column":22},"end":{"line":9,"column":34}},"loc":{"start":{"line":9,"column":79},"end":{"line":25,"column":null}},"line":9}},"branchMap":{"0":{"loc":{"start":{"line":18,"column":20},"end":{"line":18,"column":null}},"type":"cond-expr","locations":[{"start":{"line":18,"column":45},"end":{"line":18,"column":61}},{"start":{"line":18,"column":61},"end":{"line":18,"column":null}}],"line":18}},"s":{"0":1,"1":1,"2":1,"3":0,"4":0},"f":{"0":1},"b":{"0":[0,0]},"meta":{"lastBranch":1,"lastFunction":1,"lastStatement":5,"seen":{"f:9:22:9:34":0,"s:10:2:24:Infinity":0,"s:11:20:11:Infinity":1,"s:13:4:16:Infinity":2,"s:18:20:18:Infinity":3,"b:18:45:18:61:18:61:18:Infinity":0,"s:20:4:23:Infinity":4}}}
,"C:\\Users\\avins\\Documents\\Programming\\School\\Software Testing\\Assignment 4 - Automated testing - Unit testing\\dog-starter-template\\server\\routes\\dogRoutes.ts": {"path":"C:\\Users\\avins\\Documents\\Programming\\School\\Software Testing\\Assignment 4 - Automated testing - Unit testing\\dog-starter-template\\server\\routes\\dogRoutes.ts","statementMap":{"0":{"start":{"line":4,"column":6},"end":{"line":4,"column":null}},"1":{"start":{"line":9,"column":0},"end":{"line":9,"column":null}}},"fnMap":{},"branchMap":{},"s":{"0":1,"1":1},"f":{},"b":{},"meta":{"lastBranch":0,"lastFunction":0,"lastStatement":2,"seen":{"s:4:6:4:Infinity":0,"s:9:0:9:Infinity":1}}}
,"C:\\Users\\avins\\Documents\\Programming\\School\\Software Testing\\Assignment 4 - Automated testing - Unit testing\\dog-starter-template\\server\\services\\dogService.ts": {"path":"C:\\Users\\avins\\Documents\\Programming\\School\\Software Testing\\Assignment 4 - Automated testing - Unit testing\\dog-starter-template\\server\\services\\dogService.ts","statementMap":{"0":{"start":{"line":6,"column":20},"end":{"line":6,"column":null}},"1":{"start":{"line":14,"column":2},"end":{"line":34,"column":null}},"2":{"start":{"line":15,"column":21},"end":{"line":15,"column":null}},"3":{"start":{"line":17,"column":4},"end":{"line":19,"column":null}},"4":{"start":{"line":18,"column":6},"end":{"line":18,"column":null}},"5":{"start":{"line":21,"column":18},"end":{"line":21,"column":null}},"6":{"start":{"line":23,"column":4},"end":{"line":25,"column":null}},"7":{"start":{"line":24,"column":6},"end":{"line":24,"column":null}},"8":{"start":{"line":27,"column":4},"end":{"line":30,"column":null}},"9":{"start":{"line":32,"column":25},"end":{"line":32,"column":null}},"10":{"start":{"line":33,"column":4},"end":{"line":33,"column":null}}},"fnMap":{"0":{"name":"getRandomDogImage","decl":{"start":{"line":13,"column":22},"end":{"line":13,"column":69}},"loc":{"start":{"line":13,"column":69},"end":{"line":35,"column":null}},"line":13}},"branchMap":{"0":{"loc":{"start":{"line":6,"column":20},"end":{"line":6,"column":null}},"type":"binary-expr","locations":[{"start":{"line":6,"column":20},"end":{"line":6,"column":47}},{"start":{"line":6,"column":47},"end":{"line":6,"column":null}}],"line":6},"1":{"loc":{"start":{"line":17,"column":4},"end":{"line":19,"column":null}},"type":"if","locations":[{"start":{"line":17,"column":4},"end":{"line":19,"column":null}},{"start":{},"end":{}}],"line":17},"2":{"loc":{"start":{"line":23,"column":4},"end":{"line":25,"column":null}},"type":"if","locations":[{"start":{"line":23,"column":4},"end":{"line":25,"column":null}},{"start":{},"end":{}}],"line":23},"3":{"loc":{"start":{"line":32,"column":25},"end":{"line":32,"column":null}},"type":"cond-expr","locations":[{"start":{"line":32,"column":50},"end":{"line":32,"column":66}},{"start":{"line":32,"column":66},"end":{"line":32,"column":null}}],"line":32}},"s":{"0":3,"1":2,"2":2,"3":2,"4":1,"5":1,"6":1,"7":0,"8":1,"9":1,"10":1},"f":{"0":2},"b":{"0":[3,3],"1":[1,1],"2":[0,1],"3":[1,0]},"meta":{"lastBranch":4,"lastFunction":1,"lastStatement":11,"seen":{"s:6:20:6:Infinity":0,"b:6:20:6:47:6:47:6:Infinity":0,"f:13:22:13:69":0,"s:14:2:34:Infinity":1,"s:15:21:15:Infinity":2,"b:17:4:19:Infinity:undefined:undefined:undefined:undefined":1,"s:17:4:19:Infinity":3,"s:18:6:18:Infinity":4,"s:21:18:21:Infinity":5,"b:23:4:25:Infinity:undefined:undefined:undefined:undefined":2,"s:23:4:25:Infinity":6,"s:24:6:24:Infinity":7,"s:27:4:30:Infinity":8,"s:32:25:32:Infinity":9,"b:32:50:32:66:32:66:32:Infinity":3,"s:33:4:33:Infinity":10}}}
}
